Building DAG of jobs...
Provided cores: 16
Rules claiming more threads will be scaled down.
Job stats:
job            count    min threads    max threads
-----------  -------  -------------  -------------
all                1              1              1
count_words        4              1              1
make_plot          4              1              1
zipf_test          1              1              1
total             10              1              1

Select jobs to execute...

[Wed Nov  8 10:56:40 2023]
rule count_words:
    input: wordcount.py, books/last.txt
    output: dats/last.dat
    jobid: 4
    wildcards: book=last
    resources: tmpdir=C:\Users\jade\AppData\Local\Temp


[Wed Nov  8 10:56:40 2023]
rule count_words:
    input: wordcount.py, books/isles.txt
    output: dats/isles.dat
    jobid: 3
    wildcards: book=isles
    resources: tmpdir=C:\Users\jade\AppData\Local\Temp


[Wed Nov  8 10:56:40 2023]
rule count_words:
    input: wordcount.py, books/abyss.txt
    output: dats/abyss.dat
    jobid: 2
    wildcards: book=abyss
    resources: tmpdir=C:\Users\jade\AppData\Local\Temp


[Wed Nov  8 10:56:40 2023]
rule count_words:
    input: wordcount.py, books/sierra.txt
    output: dats/sierra.dat
    jobid: 5
    wildcards: book=sierra
    resources: tmpdir=C:\Users\jade\AppData\Local\Temp

[Wed Nov  8 10:56:40 2023]
Finished job 3.
1 of 10 steps (10%) done
Select jobs to execute...

[Wed Nov  8 10:56:40 2023]
rule make_plot:
    input: plotcount.py, dats/isles.dat
    output: plots/isles.png
    jobid: 7
    wildcards: file=isles
    resources: tmpdir=C:\Users\jade\AppData\Local\Temp

[Wed Nov  8 10:56:40 2023]
Finished job 2.
2 of 10 steps (20%) done
Select jobs to execute...

[Wed Nov  8 10:56:40 2023]
rule make_plot:
    input: plotcount.py, dats/abyss.dat
    output: plots/abyss.png
    jobid: 6
    wildcards: file=abyss
    resources: tmpdir=C:\Users\jade\AppData\Local\Temp

[Wed Nov  8 10:56:40 2023]
Finished job 5.
3 of 10 steps (30%) done
Select jobs to execute...

[Wed Nov  8 10:56:40 2023]
rule make_plot:
    input: plotcount.py, dats/sierra.dat
    output: plots/sierra.png
    jobid: 9
    wildcards: file=sierra
    resources: tmpdir=C:\Users\jade\AppData\Local\Temp

[Wed Nov  8 10:56:40 2023]
Finished job 4.
4 of 10 steps (40%) done
Select jobs to execute...

[Wed Nov  8 10:56:40 2023]
rule zipf_test:
    input: zipf_test.py, dats/abyss.dat, dats/isles.dat, dats/last.dat, dats/sierra.dat
    output: results.txt
    jobid: 1
    resources: tmpdir=C:\Users\jade\AppData\Local\Temp


[Wed Nov  8 10:56:40 2023]
rule make_plot:
    input: plotcount.py, dats/last.dat
    output: plots/last.png
    jobid: 8
    wildcards: file=last
    resources: tmpdir=C:\Users\jade\AppData\Local\Temp

[Wed Nov  8 10:56:40 2023]
Finished job 1.
5 of 10 steps (50%) done
[Wed Nov  8 10:56:41 2023]
Finished job 9.
6 of 10 steps (60%) done
[Wed Nov  8 10:56:41 2023]
Finished job 6.
7 of 10 steps (70%) done
[Wed Nov  8 10:56:41 2023]
Finished job 8.
8 of 10 steps (80%) done
[Wed Nov  8 10:56:41 2023]
Finished job 7.
9 of 10 steps (90%) done
Select jobs to execute...

[Wed Nov  8 10:56:41 2023]
localrule all:
    input: results.txt, plots/abyss.png, plots/isles.png, plots/last.png, plots/sierra.png
    jobid: 0
    resources: tmpdir=C:\Users\jade\AppData\Local\Temp

[Wed Nov  8 10:56:41 2023]
Finished job 0.
10 of 10 steps (100%) done
Complete log: C:\jade\thesis\snakemakeWorkshop\workflow-engines-lesson\.snakemake\log\2023-11-08T105639.793511.snakemake.log
