Building DAG of jobs...
Provided cores: 16
Rules claiming more threads will be scaled down.
Job stats:
job            count    min threads    max threads
-----------  -------  -------------  -------------
count_words        3              1              1
zipf_test          1              1              1
total              4              1              1

Select jobs to execute...

[Tue Nov  7 22:39:36 2023]
rule count_words:
    input: wordcount.py, books/abyss.txt
    output: abyss.dat
    jobid: 1
    wildcards: file=abyss
    resources: tmpdir=C:\Users\jade\AppData\Local\Temp


[Tue Nov  7 22:39:36 2023]
rule count_words:
    input: wordcount.py, books/isles.txt
    output: isles.dat
    jobid: 3
    wildcards: file=isles
    resources: tmpdir=C:\Users\jade\AppData\Local\Temp


[Tue Nov  7 22:39:36 2023]
rule count_words:
    input: wordcount.py, books/last.txt
    output: last.dat
    jobid: 2
    wildcards: file=last
    resources: tmpdir=C:\Users\jade\AppData\Local\Temp

[Tue Nov  7 22:39:36 2023]
Finished job 3.
1 of 4 steps (25%) done
[Tue Nov  7 22:39:36 2023]
Finished job 1.
2 of 4 steps (50%) done
[Tue Nov  7 22:39:36 2023]
Finished job 2.
3 of 4 steps (75%) done
Select jobs to execute...

[Tue Nov  7 22:39:36 2023]
rule zipf_test:
    input: zipf_test.py, abyss.dat, last.dat, isles.dat
    output: results.txt
    jobid: 0
    resources: tmpdir=C:\Users\jade\AppData\Local\Temp

[Tue Nov  7 22:39:36 2023]
Finished job 0.
4 of 4 steps (100%) done
Complete log: C:\jade\thesis\snakemakeWorkshop\workflow-engines-lesson\.snakemake\log\2023-11-07T223935.927596.snakemake.log
