Building DAG of jobs...
Provided cores: 16
Rules claiming more threads will be scaled down.
Job stats:
job                  count    min threads    max threads
-----------------  -------  -------------  -------------
count_words              1              1              1
count_words_abyss        1              1              1
count_words_last         1              1              1
zipf_test                1              1              1
total                    4              1              1

Select jobs to execute...

[Tue Nov  7 15:43:17 2023]
rule count_words_abyss:
    input: books/abyss.txt
    output: abyss.dat
    jobid: 2
    resources: tmpdir=C:\Users\jade\AppData\Local\Temp


[Tue Nov  7 15:43:17 2023]
rule count_words:
    input: books/isles.txt
    output: isles.dat
    jobid: 1
    resources: tmpdir=C:\Users\jade\AppData\Local\Temp


[Tue Nov  7 15:43:17 2023]
rule count_words_last:
    input: books/last.txt
    output: last.dat
    jobid: 3
    resources: tmpdir=C:\Users\jade\AppData\Local\Temp

[Tue Nov  7 15:43:18 2023]
Finished job 1.
1 of 4 steps (25%) done
[Tue Nov  7 15:43:18 2023]
Finished job 2.
2 of 4 steps (50%) done
[Tue Nov  7 15:43:18 2023]
Finished job 3.
3 of 4 steps (75%) done
Select jobs to execute...

[Tue Nov  7 15:43:18 2023]
rule zipf_test:
    input: isles.dat, abyss.dat, last.dat
    output: results.txt
    jobid: 0
    resources: tmpdir=C:\Users\jade\AppData\Local\Temp

[Tue Nov  7 15:43:18 2023]
Finished job 0.
4 of 4 steps (100%) done
Complete log: C:\jade\thesis\snakemakeWorkshop\workflow-engines-lesson\.snakemake\log\2023-11-07T154317.662516.snakemake.log
