Building DAG of jobs...
Provided cores: 16
Rules claiming more threads will be scaled down.
Job stats:
job      count
-----  -------
clean        1
total        1

Select jobs to execute...

[Wed Nov  8 11:48:28 2023]
rule clean:
    jobid: 0
    reason: Rules with neither input nor output files are always executed.
    resources: tmpdir=C:\Users\jade\AppData\Local\Temp

[Wed Nov  8 11:48:28 2023]
Error in rule clean:
    jobid: 0
    shell:
        rm -rf dats/ plots/ *.dat results.txt zipf_analysis.tar.gz
        (one of the commands exited with non-zero exit code; note that snakemake uses bash strict mode!)

Shutting down, this might take some time.
Exiting because a job execution failed. Look above for error message
Complete log: .snakemake\log\2023-11-08T114827.916041.snakemake.log
