Building DAG of jobs...
Provided cores: 4
Rules claiming more threads will be scaled down.
Provided resources: gpu=1
Job stats:
job               count    min threads    max threads
--------------  -------  -------------  -------------
all                   1              1              1
create_archive        1              1              1
total                 2              1              1

Select jobs to execute...

[Wed Nov  8 13:31:28 2023]
rule create_archive:
    input: results.txt, dats/abyss.dat, dats/isles.dat, dats/last.dat, dats/sierra.dat, plots/abyss.png, plots/isles.png, plots/last.png, plots/sierra.png
    output: zipf_analysis.tar.gz
    jobid: 1
    resources: tmpdir=C:\Users\jade\AppData\Local\Temp

[Wed Nov  8 13:31:28 2023]
Finished job 1.
1 of 2 steps (50%) done
Select jobs to execute...

[Wed Nov  8 13:31:28 2023]
localrule all:
    input: zipf_analysis.tar.gz
    jobid: 0
    resources: tmpdir=C:\Users\jade\AppData\Local\Temp

[Wed Nov  8 13:31:28 2023]
Finished job 0.
2 of 2 steps (100%) done
Complete log: C:\jade\thesis\snakemakeWorkshop\workflow-engines-lesson\.snakemake\log\2023-11-08T133128.048736.snakemake.log
